# Logfile created on Wed Jun 09 06:03:12 -0300 2010/!\ FAILSAFE /!\  Wed Jun 09 08:05:19 -0300 2010
  Status: 500 Internal Server Error
  no such file to load -- sqlite3
    /usr/lib/ruby/1.8/rubygems/custom_require.rb:31:in `gem_original_require'
    /usr/lib/ruby/1.8/rubygems/custom_require.rb:31:in `require'
    /var/lib/gems/1.8/gems/activesupport-2.3.5/lib/active_support/dependencies.rb:156:in `require'
    /var/lib/gems/1.8/gems/activesupport-2.3.5/lib/active_support/dependencies.rb:521:in `new_constants_in'
    /var/lib/gems/1.8/gems/activesupport-2.3.5/lib/active_support/dependencies.rb:156:in `require'
    /var/lib/gems/1.8/gems/activesupport-2.3.5/lib/active_support/core_ext/kernel/requires.rb:7:in `require_library_or_gem'
    /var/lib/gems/1.8/gems/activesupport-2.3.5/lib/active_support/core_ext/kernel/reporting.rb:11:in `silence_warnings'
    /var/lib/gems/1.8/gems/activesupport-2.3.5/lib/active_support/core_ext/kernel/requires.rb:5:in `require_library_or_gem'
    /var/lib/gems/1.8/gems/activerecord-2.3.5/lib/active_record/connection_adapters/sqlite3_adapter.rb:10:in `sqlite3_connection'
    /var/lib/gems/1.8/gems/activerecord-2.3.5/lib/active_record/connection_adapters/abstract/connection_pool.rb:223:in `send'
    /var/lib/gems/1.8/gems/activerecord-2.3.5/lib/active_record/connection_adapters/abstract/connection_pool.rb:223:in `new_connection'
    /var/lib/gems/1.8/gems/activerecord-2.3.5/lib/active_record/connection_adapters/abstract/connection_pool.rb:245:in `checkout_new_connection'
    /var/lib/gems/1.8/gems/activerecord-2.3.5/lib/active_record/connection_adapters/abstract/connection_pool.rb:188:in `checkout'
    /var/lib/gems/1.8/gems/activerecord-2.3.5/lib/active_record/connection_adapters/abstract/connection_pool.rb:184:in `loop'
    /var/lib/gems/1.8/gems/activerecord-2.3.5/lib/active_record/connection_adapters/abstract/connection_pool.rb:184:in `checkout'
    /usr/lib/ruby/1.8/monitor.rb:242:in `synchronize'
    /var/lib/gems/1.8/gems/activerecord-2.3.5/lib/active_record/connection_adapters/abstract/connection_pool.rb:183:in `checkout'
    /var/lib/gems/1.8/gems/activerecord-2.3.5/lib/active_record/connection_adapters/abstract/connection_pool.rb:98:in `connection'
    /var/lib/gems/1.8/gems/activerecord-2.3.5/lib/active_record/connection_adapters/abstract/connection_pool.rb:326:in `retrieve_connection'
    /var/lib/gems/1.8/gems/activerecord-2.3.5/lib/active_record/connection_adapters/abstract/connection_specification.rb:123:in `retrieve_connection'
    /var/lib/gems/1.8/gems/activerecord-2.3.5/lib/active_record/connection_adapters/abstract/connection_specification.rb:115:in `connection'
    /var/lib/gems/1.8/gems/activerecord-2.3.5/lib/active_record/query_cache.rb:9:in `cache'
    /var/lib/gems/1.8/gems/activerecord-2.3.5/lib/active_record/query_cache.rb:28:in `call'
    /var/lib/gems/1.8/gems/activerecord-2.3.5/lib/active_record/connection_adapters/abstract/connection_pool.rb:361:in `call'
    /var/lib/gems/1.8/gems/actionpack-2.3.5/lib/action_controller/string_coercion.rb:25:in `call'
    /var/lib/gems/1.8/gems/rack-1.0.1/lib/rack/head.rb:9:in `call'
    /var/lib/gems/1.8/gems/rack-1.0.1/lib/rack/methodoverride.rb:24:in `call'
    /var/lib/gems/1.8/gems/actionpack-2.3.5/lib/action_controller/params_parser.rb:15:in `call'
    /var/lib/gems/1.8/gems/actionpack-2.3.5/lib/action_controller/session/cookie_store.rb:93:in `call'
    /var/lib/gems/1.8/gems/actionpack-2.3.5/lib/action_controller/failsafe.rb:26:in `call'
    /var/lib/gems/1.8/gems/rack-1.0.1/lib/rack/lock.rb:11:in `call'
    /var/lib/gems/1.8/gems/rack-1.0.1/lib/rack/lock.rb:11:in `synchronize'
    /var/lib/gems/1.8/gems/rack-1.0.1/lib/rack/lock.rb:11:in `call'
    /var/lib/gems/1.8/gems/actionpack-2.3.5/lib/action_controller/dispatcher.rb:114:in `call'
    /var/lib/gems/1.8/gems/actionpack-2.3.5/lib/action_controller/reloader.rb:34:in `run'
    /var/lib/gems/1.8/gems/actionpack-2.3.5/lib/action_controller/dispatcher.rb:108:in `call'
    /var/lib/gems/1.8/gems/rails-2.3.5/lib/rails/rack/static.rb:31:in `call'
    /var/lib/gems/1.8/gems/rack-1.0.1/lib/rack/urlmap.rb:46:in `call'
    /var/lib/gems/1.8/gems/rack-1.0.1/lib/rack/urlmap.rb:40:in `each'
    /var/lib/gems/1.8/gems/rack-1.0.1/lib/rack/urlmap.rb:40:in `call'
    /var/lib/gems/1.8/gems/rails-2.3.5/lib/rails/rack/log_tailer.rb:17:in `call'
    /var/lib/gems/1.8/gems/rack-1.0.1/lib/rack/content_length.rb:13:in `call'
    /var/lib/gems/1.8/gems/rack-1.0.1/lib/rack/handler/webrick.rb:50:in `service'
    /usr/lib/ruby/1.8/webrick/httpserver.rb:104:in `service'
    /usr/lib/ruby/1.8/webrick/httpserver.rb:65:in `run'
    /usr/lib/ruby/1.8/webrick/server.rb:173:in `start_thread'
    /usr/lib/ruby/1.8/webrick/server.rb:162:in `start'
    /usr/lib/ruby/1.8/webrick/server.rb:162:in `start_thread'
    /usr/lib/ruby/1.8/webrick/server.rb:95:in `start'
    /usr/lib/ruby/1.8/webrick/server.rb:92:in `each'
    /usr/lib/ruby/1.8/webrick/server.rb:92:in `start'
    /usr/lib/ruby/1.8/webrick/server.rb:23:in `start'
    /usr/lib/ruby/1.8/webrick/server.rb:82:in `start'
    /var/lib/gems/1.8/gems/rack-1.0.1/lib/rack/handler/webrick.rb:14:in `run'
    /var/lib/gems/1.8/gems/rails-2.3.5/lib/commands/server.rb:111
    /usr/lib/ruby/1.8/rubygems/custom_require.rb:31:in `gem_original_require'
    /usr/lib/ruby/1.8/rubygems/custom_require.rb:31:in `require'
    script/server:3


Processing ItemsController#index (for 127.0.0.1 at 2010-06-09 08:08:46) [GET]
  [4;36;1mItem Load (20.0ms)[0m   [0;1mSELECT * FROM "items" [0m
Rendering items/index
Completed in 112ms (View: 76, DB: 20) | 200 OK [http://localhost/items]


Processing ItemsController#index (for 127.0.0.1 at 2010-06-09 12:46:56) [OPTIONS]
  [4;36;1mItem Load (8.0ms)[0m   [0;1mSELECT * FROM "items" [0m
Rendering items/index
Completed in 156ms (View: 96, DB: 8) | 200 OK [http://localhost/items]


Processing ItemsController#index (for 127.0.0.1 at 2010-06-09 12:46:56) [OPTIONS]
  [4;35;1mItem Load (0.0ms)[0m   [0mSELECT * FROM "items" [0m
Rendering items/index
Completed in 28ms (View: 12, DB: 0) | 200 OK [http://localhost/items]


Processing ItemsController#index (for 127.0.0.1 at 2010-06-09 12:47:05) [OPTIONS]
  [4;36;1mItem Load (0.0ms)[0m   [0;1mSELECT * FROM "items" [0m
Rendering items/index
Completed in 96ms (View: 80, DB: 0) | 200 OK [http://localhost/items]


Processing ItemsController#index (for 127.0.0.1 at 2010-06-09 12:47:40) [OPTIONS]
  [4;36;1mItem Load (0.0ms)[0m   [0;1mSELECT * FROM "items" [0m
Rendering items/index
Completed in 140ms (View: 100, DB: 0) | 200 OK [http://localhost/items]


Processing ItemsController#index (for 127.0.0.1 at 2010-06-09 12:48:23) [OPTIONS]
  [4;35;1mItem Load (4.0ms)[0m   [0mSELECT * FROM "items" [0m
Rendering items/index
Completed in 28ms (View: 12, DB: 4) | 200 OK [http://localhost/items]


Processing ItemsController#index (for 127.0.0.1 at 2010-06-09 12:50:10) [OPTIONS]
  [4;36;1mItem Load (0.0ms)[0m   [0;1mSELECT * FROM "items" [0m
Rendering items/index
Completed in 96ms (View: 8, DB: 0) | 200 OK [http://localhost/items]


Processing ItemsController#index (for 127.0.0.1 at 2010-06-09 13:06:06) [OPTIONS]
  [4;35;1mItem Load (0.0ms)[0m   [0mSELECT * FROM "items" [0m
Rendering items/index
Completed in 60ms (View: 20, DB: 0) | 200 OK [http://localhost/items]


Processing ItemsController#index (for 127.0.0.1 at 2010-06-09 13:21:40) [OPTIONS]
  [4;36;1mItem Load (4.0ms)[0m   [0;1mSELECT * FROM "items" [0m
Rendering items/index
Completed in 32ms (View: 16, DB: 4) | 200 OK [http://localhost/items]


Processing ItemsController#index (for 127.0.0.1 at 2010-06-09 13:22:31) [OPTIONS]
  [4;35;1mItem Load (0.0ms)[0m   [0mSELECT * FROM "items" [0m
Rendering items/index
Completed in 84ms (View: 40, DB: 0) | 200 OK [http://localhost/items]


Processing ItemsController#index (for 127.0.0.1 at 2010-06-09 13:23:33) [OPTIONS]
  [4;36;1mItem Load (0.0ms)[0m   [0;1mSELECT * FROM "items" [0m
Rendering items/index
Completed in 28ms (View: 8, DB: 0) | 200 OK [http://localhost/items]


Processing ItemsController#index (for 127.0.0.1 at 2010-06-09 13:23:43) [GET]
  [4;35;1mItem Load (4.0ms)[0m   [0mSELECT * FROM "items" [0m
Rendering items/index
Completed in 24ms (View: 8, DB: 4) | 200 OK [http://localhost/items]


Processing ItemsController#index (for 127.0.0.1 at 2010-06-09 13:24:11) [OPTIONS]
  [4;36;1mItem Load (0.0ms)[0m   [0;1mSELECT * FROM "items" [0m
Rendering items/index
Completed in 48ms (View: 24, DB: 0) | 200 OK [http://localhost/items]


Processing ItemsController#index (for 127.0.0.1 at 2010-06-09 13:24:37) [GET]
  [4;35;1mItem Load (0.0ms)[0m   [0mSELECT * FROM "items" [0m
Rendering items/index
Completed in 60ms (View: 20, DB: 0) | 200 OK [http://localhost/items]


Processing ItemsController#index (for 127.0.0.1 at 2010-06-09 13:24:40) [GET]
  [4;36;1mItem Load (4.0ms)[0m   [0;1mSELECT * FROM "items" [0m
Rendering items/index
Completed in 28ms (View: 12, DB: 4) | 200 OK [http://localhost/items]


Processing ItemsController#index (for 127.0.0.1 at 2010-06-09 14:12:34) [OPTIONS]
  [4;35;1mItem Load (0.0ms)[0m   [0mSELECT * FROM "items" [0m
Rendering items/index
Completed in 28ms (View: 8, DB: 0) | 200 OK [http://localhost/items]


Processing ItemsController#index (for 127.0.0.1 at 2010-06-09 14:13:18) [OPTIONS]
  [4;36;1mItem Load (0.0ms)[0m   [0;1mSELECT * FROM "items" [0m
Rendering items/index
Completed in 116ms (View: 56, DB: 0) | 200 OK [http://localhost/items]


Processing ItemsController#index (for 127.0.0.1 at 2010-06-09 14:13:18) [OPTIONS]
  [4;35;1mItem Load (0.0ms)[0m   [0mSELECT * FROM "items" [0m
Rendering items/index
Completed in 24ms (View: 8, DB: 0) | 200 OK [http://localhost/items]


Processing ItemsController#index (for 127.0.0.1 at 2010-06-09 14:13:50) [OPTIONS]
  [4;36;1mItem Load (0.0ms)[0m   [0;1mSELECT * FROM "items" [0m
Rendering items/index
Completed in 28ms (View: 8, DB: 0) | 200 OK [http://localhost/items]


Processing ItemsController#show (for 127.0.0.1 at 2010-06-09 14:14:44) [GET]
  Parameters: {"id"=>"1"}
  [4;35;1mItem Load (24.0ms)[0m   [0mSELECT * FROM "items" WHERE ("items"."id" = 1) [0m
Completed in 232ms (View: 192, DB: 0) | 200 OK [http://localhost/items/1]


Processing ItemsController#index (for 127.0.0.1 at 2010-06-09 14:14:49) [GET]
  [4;36;1mItem Load (0.0ms)[0m   [0;1mSELECT * FROM "items" [0m
Rendering items/index
Completed in 24ms (View: 8, DB: 0) | 200 OK [http://localhost/items]


Processing ItemsController#index (for 127.0.0.1 at 2010-06-09 14:31:53) [OPTIONS]
  [4;35;1mItem Load (0.0ms)[0m   [0mSELECT * FROM "items" [0m
Rendering items/index
Completed in 52ms (View: 20, DB: 0) | 200 OK [http://localhost/items]


Processing ItemsController#index (for 127.0.0.1 at 2010-06-09 14:32:36) [OPTIONS]
  [4;36;1mItem Load (8.0ms)[0m   [0;1mSELECT * FROM "items" [0m
Rendering items/index
Completed in 56ms (View: 24, DB: 8) | 200 OK [http://localhost/items]


Processing ItemsController#index (for 127.0.0.1 at 2010-06-09 14:33:52) [OPTIONS]
  [4;35;1mItem Load (0.0ms)[0m   [0mSELECT * FROM "items" [0m
Rendering items/index
Completed in 24ms (View: 12, DB: 0) | 200 OK [http://localhost/items]


Processing ItemsController#index (for 127.0.0.1 at 2010-06-09 14:34:10) [OPTIONS]
  [4;36;1mItem Load (0.0ms)[0m   [0;1mSELECT * FROM "items" [0m
Rendering items/index
Completed in 24ms (View: 12, DB: 0) | 200 OK [http://localhost/items]


Processing ItemsController#index (for 127.0.0.1 at 2010-06-09 14:34:27) [OPTIONS]
  [4;35;1mItem Load (0.0ms)[0m   [0mSELECT * FROM "items" [0m
Rendering items/index
Completed in 24ms (View: 12, DB: 0) | 200 OK [http://localhost/items]


Processing ItemsController#index (for 127.0.0.1 at 2010-06-09 14:34:47) [OPTIONS]
  [4;36;1mItem Load (0.0ms)[0m   [0;1mSELECT * FROM "items" [0m
Rendering items/index
Completed in 52ms (View: 24, DB: 0) | 200 OK [http://localhost/items]


Processing ItemsController#index (for 127.0.0.1 at 2010-06-09 14:37:21) [OPTIONS]
  [4;35;1mItem Load (0.0ms)[0m   [0mSELECT * FROM "items" [0m
Rendering items/index
Completed in 24ms (View: 8, DB: 0) | 200 OK [http://localhost/items]


Processing ItemsController#index (for 127.0.0.1 at 2010-06-09 14:37:23) [OPTIONS]
  [4;36;1mItem Load (0.0ms)[0m   [0;1mSELECT * FROM "items" [0m
Rendering items/index
Completed in 92ms (View: 20, DB: 0) | 200 OK [http://localhost/items]


Processing ItemsController#index (for 127.0.0.1 at 2010-06-09 14:49:08) [OPTIONS]
  [4;35;1mItem Load (0.0ms)[0m   [0mSELECT * FROM "items" [0m
Rendering items/index
Completed in 28ms (View: 12, DB: 0) | 200 OK [http://localhost/items]


Processing ItemsController#index (for 127.0.0.1 at 2010-06-09 14:49:10) [OPTIONS]
  [4;36;1mItem Load (0.0ms)[0m   [0;1mSELECT * FROM "items" [0m
Rendering items/index
Completed in 64ms (View: 16, DB: 0) | 200 OK [http://localhost/items]


Processing ItemsController#index (for 127.0.0.1 at 2010-06-09 14:50:01) [OPTIONS]
  [4;35;1mItem Load (4.0ms)[0m   [0mSELECT * FROM "items" [0m
Rendering items/index
Completed in 28ms (View: 12, DB: 4) | 200 OK [http://localhost/items]


Processing ItemsController#index (for 127.0.0.1 at 2010-06-09 14:50:07) [OPTIONS]
  [4;36;1mItem Load (0.0ms)[0m   [0;1mSELECT * FROM "items" [0m
Rendering items/index
Completed in 88ms (View: 48, DB: 0) | 200 OK [http://localhost/items]


Processing ItemsController#index (for 127.0.0.1 at 2010-06-09 14:50:27) [OPTIONS]
  [4;35;1mItem Load (0.0ms)[0m   [0mSELECT * FROM "items" [0m
Rendering items/index
Completed in 32ms (View: 8, DB: 0) | 200 OK [http://localhost/items]


Processing ItemsController#index (for 127.0.0.1 at 2010-06-09 14:50:28) [OPTIONS]
  [4;36;1mItem Load (0.0ms)[0m   [0;1mSELECT * FROM "items" [0m
Rendering items/index
Completed in 56ms (View: 20, DB: 0) | 200 OK [http://localhost/items]


Processing ItemsController#index (for 127.0.0.1 at 2010-06-09 14:52:25) [OPTIONS]
  [4;35;1mItem Load (0.0ms)[0m   [0mSELECT * FROM "items" [0m
Rendering items/index
Completed in 28ms (View: 4, DB: 0) | 200 OK [http://localhost/items]


Processing ItemsController#index (for 127.0.0.1 at 2010-06-09 14:52:27) [OPTIONS]
  [4;36;1mItem Load (8.0ms)[0m   [0;1mSELECT * FROM "items" [0m
Rendering items/index
Completed in 72ms (View: 24, DB: 8) | 200 OK [http://localhost/items]


Processing ItemsController#index (for 127.0.0.1 at 2010-06-09 14:52:38) [GET]
  [4;35;1mItem Load (0.0ms)[0m   [0mSELECT * FROM "items" [0m
Rendering items/index
Completed in 20ms (View: 8, DB: 0) | 200 OK [http://localhost/items]


Processing ItemsController#index (for 127.0.0.1 at 2010-06-09 14:55:17) [OPTIONS]
  [4;36;1mItem Load (12.0ms)[0m   [0;1mSELECT * FROM "items" [0m
Rendering items/index
Completed in 96ms (View: 32, DB: 12) | 200 OK [http://localhost/items]


Processing ItemsController#index (for 127.0.0.1 at 2010-06-09 14:55:18) [OPTIONS]
  [4;35;1mItem Load (4.0ms)[0m   [0mSELECT * FROM "items" [0m
Rendering items/index
Completed in 64ms (View: 32, DB: 4) | 200 OK [http://localhost/items]


Processing ItemsController#index (for 127.0.0.1 at 2010-06-09 14:56:37) [GET]
  [4;36;1mItem Load (4.0ms)[0m   [0;1mSELECT * FROM "items" [0m
Rendering items/index
Completed in 20ms (View: 8, DB: 4) | 200 OK [http://localhost/items]


Processing ItemsController#index (for 127.0.0.1 at 2010-06-09 14:56:53) [GET]
  [4;35;1mItem Load (0.0ms)[0m   [0mSELECT * FROM "items" [0m
Rendering items/index
Completed in 24ms (View: 12, DB: 0) | 200 OK [http://localhost/items]


Processing ItemsController#index (for 127.0.0.1 at 2010-06-09 14:58:28) [OPTIONS]
  [4;36;1mItem Load (0.0ms)[0m   [0;1mSELECT * FROM "items" [0m
Rendering items/index
Completed in 24ms (View: 8, DB: 0) | 200 OK [http://localhost/items]


Processing ItemsController#index (for 127.0.0.1 at 2010-06-09 14:58:30) [OPTIONS]
  [4;35;1mItem Load (0.0ms)[0m   [0mSELECT * FROM "items" [0m
Rendering items/index
Completed in 88ms (View: 20, DB: 0) | 200 OK [http://localhost/items]


Processing ItemsController#index (for 127.0.0.1 at 2010-06-09 15:04:22) [OPTIONS]
  [4;36;1mItem Load (8.0ms)[0m   [0;1mSELECT * FROM "items" [0m
Rendering items/index
Completed in 68ms (View: 44, DB: 8) | 200 OK [http://localhost/items]


Processing ItemsController#index (for 127.0.0.1 at 2010-06-09 15:04:24) [OPTIONS]
  [4;35;1mItem Load (16.0ms)[0m   [0mSELECT * FROM "items" [0m
Rendering items/index
Completed in 168ms (View: 36, DB: 16) | 200 OK [http://localhost/items]


Processing ItemsController#index (for 127.0.0.1 at 2010-06-09 15:04:55) [OPTIONS]
  [4;36;1mItem Load (0.0ms)[0m   [0;1mSELECT * FROM "items" [0m
Rendering items/index
Completed in 24ms (View: 12, DB: 0) | 200 OK [http://localhost/items]


Processing ItemsController#index (for 127.0.0.1 at 2010-06-09 15:05:02) [OPTIONS]
  [4;35;1mItem Load (0.0ms)[0m   [0mSELECT * FROM "items" [0m
Rendering items/index
Completed in 24ms (View: 8, DB: 0) | 200 OK [http://localhost/items]


Processing ItemsController#index (for 127.0.0.1 at 2010-06-09 15:05:22) [OPTIONS]
  [4;36;1mItem Load (0.0ms)[0m   [0;1mSELECT * FROM "items" [0m
Rendering items/index
Completed in 28ms (View: 16, DB: 0) | 200 OK [http://localhost/items]


Processing ItemsController#index (for 127.0.0.1 at 2010-06-09 15:05:30) [OPTIONS]
  [4;35;1mItem Load (4.0ms)[0m   [0mSELECT * FROM "items" [0m
Rendering items/index
Completed in 24ms (View: 8, DB: 4) | 200 OK [http://localhost/items]


Processing ItemsController#index (for 127.0.0.1 at 2010-06-09 15:05:39) [OPTIONS]
  [4;36;1mItem Load (0.0ms)[0m   [0;1mSELECT * FROM "items" [0m
Rendering items/index
Completed in 24ms (View: 8, DB: 0) | 200 OK [http://localhost/items]


Processing ItemsController#index (for 127.0.0.1 at 2010-06-09 15:08:23) [OPTIONS]
  [4;35;1mItem Load (4.0ms)[0m   [0mSELECT * FROM "items" [0m
Rendering items/index
Completed in 32ms (View: 8, DB: 4) | 200 OK [http://localhost/items]


Processing ItemsController#index (for 127.0.0.1 at 2010-06-09 15:08:47) [OPTIONS]
  [4;36;1mItem Load (4.0ms)[0m   [0;1mSELECT * FROM "items" [0m
Rendering items/index
Completed in 24ms (View: 12, DB: 4) | 200 OK [http://localhost/items]


Processing ItemsController#index (for 127.0.0.1 at 2010-06-09 15:08:59) [OPTIONS]
  [4;35;1mItem Load (0.0ms)[0m   [0mSELECT * FROM "items" [0m
Rendering items/index
Completed in 32ms (View: 20, DB: 0) | 200 OK [http://localhost/items]


Processing ItemsController#index (for 127.0.0.1 at 2010-06-09 15:10:28) [GET]
  [4;36;1mItem Load (0.0ms)[0m   [0;1mSELECT * FROM "items" [0m
Rendering items/index
Completed in 80ms (View: 64, DB: 0) | 200 OK [http://localhost/items]


Processing ItemsController#index (for 127.0.0.1 at 2010-06-09 15:11:35) [GET]
  [4;35;1mItem Load (4.0ms)[0m   [0mSELECT * FROM "items" [0m
Rendering items/index
Completed in 20ms (View: 8, DB: 4) | 200 OK [http://localhost/items]


Processing ItemsController#index (for 127.0.0.1 at 2010-06-09 15:11:55) [GET]
  [4;36;1mItem Load (0.0ms)[0m   [0;1mSELECT * FROM "items" [0m
Rendering items/index
Completed in 84ms (View: 68, DB: 0) | 200 OK [http://localhost/items]


Processing ItemsController#index (for 127.0.0.1 at 2010-06-09 15:12:08) [OPTIONS]
  [4;35;1mItem Load (20.0ms)[0m   [0mSELECT * FROM "items" [0m
Rendering items/index
Completed in 96ms (View: 52, DB: 20) | 200 OK [http://localhost/items]


Processing ItemsController#index (for 127.0.0.1 at 2010-06-09 15:12:09) [OPTIONS]
  [4;36;1mItem Load (0.0ms)[0m   [0;1mSELECT * FROM "items" [0m
Rendering items/index
Completed in 24ms (View: 8, DB: 0) | 200 OK [http://localhost/items]


Processing ItemsController#index (for 127.0.0.1 at 2010-06-09 15:12:39) [GET]
  [4;35;1mItem Load (4.0ms)[0m   [0mSELECT * FROM "items" [0m
Rendering items/index
Completed in 24ms (View: 8, DB: 4) | 200 OK [http://localhost/items]


Processing ItemsController#index (for 127.0.0.1 at 2010-06-09 15:12:51) [GET]
  [4;36;1mItem Load (4.0ms)[0m   [0;1mSELECT * FROM "items" [0m
Rendering items/index
Completed in 20ms (View: 8, DB: 4) | 200 OK [http://localhost/items]


Processing ItemsController#index (for 127.0.0.1 at 2010-06-09 15:13:05) [GET]
  [4;35;1mItem Load (0.0ms)[0m   [0mSELECT * FROM "items" [0m
Rendering items/index
Completed in 20ms (View: 4, DB: 0) | 200 OK [http://localhost/items]


Processing ItemsController#index (for 127.0.0.1 at 2010-06-09 15:13:18) [GET]
  [4;36;1mItem Load (0.0ms)[0m   [0;1mSELECT * FROM "items" [0m
Rendering items/index
Completed in 24ms (View: 8, DB: 0) | 200 OK [http://localhost/items]


Processing ItemsController#index (for 127.0.0.1 at 2010-06-09 15:16:03) [GET]
  [4;35;1mItem Load (0.0ms)[0m   [0mSELECT * FROM "items" [0m
Rendering items/index
Completed in 24ms (View: 12, DB: 0) | 200 OK [http://localhost/items]


Processing ItemsController#index (for 127.0.0.1 at 2010-06-09 15:17:48) [GET]
  [4;36;1mItem Load (4.0ms)[0m   [0;1mSELECT * FROM "items" [0m
Rendering items/index
Completed in 24ms (View: 8, DB: 4) | 200 OK [http://localhost/items]


Processing ItemsController#index (for 127.0.0.1 at 2010-06-09 15:17:55) [GET]
  [4;35;1mItem Load (0.0ms)[0m   [0mSELECT * FROM "items" [0m
Rendering items/index
Completed in 24ms (View: 8, DB: 0) | 200 OK [http://localhost/items]


Processing ItemsController#index (for 127.0.0.1 at 2010-06-09 15:19:16) [GET]
  [4;36;1mItem Load (0.0ms)[0m   [0;1mSELECT * FROM "items" [0m
Rendering items/index
Completed in 24ms (View: 12, DB: 0) | 200 OK [http://localhost/items]


Processing ItemsController#index (for 127.0.0.1 at 2010-06-09 15:19:58) [GET]
  [4;35;1mItem Load (0.0ms)[0m   [0mSELECT * FROM "items" [0m
Rendering items/index
Completed in 20ms (View: 8, DB: 0) | 200 OK [http://localhost/items]


Processing ItemsController#index (for 127.0.0.1 at 2010-06-09 15:20:02) [GET]
  [4;36;1mItem Load (0.0ms)[0m   [0;1mSELECT * FROM "items" [0m
Rendering items/index
Completed in 24ms (View: 8, DB: 0) | 200 OK [http://localhost/items]


Processing ItemsController#index (for 127.0.0.1 at 2010-06-09 15:20:30) [GET]
  [4;35;1mItem Load (4.0ms)[0m   [0mSELECT * FROM "items" [0m
Rendering items/index
Completed in 28ms (View: 12, DB: 4) | 200 OK [http://localhost/items]


Processing ItemsController#index (for 127.0.0.1 at 2010-06-09 15:20:41) [GET]
  [4;36;1mItem Load (4.0ms)[0m   [0;1mSELECT * FROM "items" [0m
Rendering items/index
Completed in 20ms (View: 8, DB: 4) | 200 OK [http://localhost/items]


Processing ItemsController#index (for 127.0.0.1 at 2010-06-09 15:20:59) [GET]
  [4;35;1mItem Load (0.0ms)[0m   [0mSELECT * FROM "items" [0m
Rendering items/index
Completed in 20ms (View: 8, DB: 0) | 200 OK [http://localhost/items]


Processing ItemsController#index (for 127.0.0.1 at 2010-06-09 15:21:42) [GET]
  [4;36;1mItem Load (0.0ms)[0m   [0;1mSELECT * FROM "items" [0m
Rendering items/index
Completed in 20ms (View: 8, DB: 0) | 200 OK [http://localhost/items]


Processing ItemsController#index (for 127.0.0.1 at 2010-06-09 15:22:07) [OPTIONS]
  [4;35;1mItem Load (0.0ms)[0m   [0mSELECT * FROM "items" [0m
Rendering items/index
Completed in 64ms (View: 16, DB: 0) | 200 OK [http://localhost/items]


Processing ItemsController#index (for 127.0.0.1 at 2010-06-09 15:22:07) [OPTIONS]
  [4;36;1mItem Load (4.0ms)[0m   [0;1mSELECT * FROM "items" [0m
Rendering items/index
Completed in 32ms (View: 8, DB: 4) | 200 OK [http://localhost/items]


Processing ItemsController#index (for 127.0.0.1 at 2010-06-09 15:22:15) [OPTIONS]
  [4;35;1mItem Load (0.0ms)[0m   [0mSELECT * FROM "items" [0m
Rendering items/index
Completed in 28ms (View: 12, DB: 0) | 200 OK [http://localhost/items]


Processing ItemsController#index (for 127.0.0.1 at 2010-06-09 15:22:28) [OPTIONS]
  [4;36;1mItem Load (0.0ms)[0m   [0;1mSELECT * FROM "items" [0m
Rendering items/index
Completed in 60ms (View: 16, DB: 0) | 200 OK [http://localhost/items]


Processing ItemsController#index (for 127.0.0.1 at 2010-06-09 15:23:14) [OPTIONS]
  [4;35;1mItem Load (0.0ms)[0m   [0mSELECT * FROM "items" [0m
Rendering items/index
Completed in 36ms (View: 8, DB: 0) | 200 OK [http://localhost/items]


Processing ItemsController#index (for 127.0.0.1 at 2010-06-09 15:23:14) [OPTIONS]
  [4;36;1mItem Load (4.0ms)[0m   [0;1mSELECT * FROM "items" [0m
Rendering items/index
Completed in 20ms (View: 8, DB: 4) | 200 OK [http://localhost/items]


Processing ItemsController#index (for 127.0.0.1 at 2010-06-09 15:23:20) [GET]
  [4;35;1mItem Load (0.0ms)[0m   [0mSELECT * FROM "items" [0m
Rendering items/index
Completed in 20ms (View: 4, DB: 0) | 200 OK [http://localhost/items]


Processing ItemsController#index (for 127.0.0.1 at 2010-06-09 15:24:00) [GET]
  [4;36;1mItem Load (4.0ms)[0m   [0;1mSELECT * FROM "items" [0m
Rendering items/index
Completed in 20ms (View: 8, DB: 4) | 200 OK [http://localhost/items]


Processing ItemsController#index (for 127.0.0.1 at 2010-06-09 15:24:31) [GET]
  [4;35;1mItem Load (4.0ms)[0m   [0mSELECT * FROM "items" [0m
Rendering items/index
Completed in 24ms (View: 8, DB: 4) | 200 OK [http://localhost/items]


Processing ItemsController#index (for 127.0.0.1 at 2010-06-09 15:24:45) [OPTIONS]
  [4;36;1mItem Load (0.0ms)[0m   [0;1mSELECT * FROM "items" [0m
Rendering items/index
Completed in 64ms (View: 20, DB: 0) | 200 OK [http://localhost/items]


Processing ItemsController#index (for 127.0.0.1 at 2010-06-09 15:24:46) [OPTIONS]
  [4;35;1mItem Load (4.0ms)[0m   [0mSELECT * FROM "items" [0m
Rendering items/index
Completed in 32ms (View: 12, DB: 4) | 200 OK [http://localhost/items]


Processing ItemsController#index (for 127.0.0.1 at 2010-06-09 15:24:53) [OPTIONS]
  [4;36;1mItem Load (0.0ms)[0m   [0;1mSELECT * FROM "items" [0m
Rendering items/index
Completed in 24ms (View: 8, DB: 0) | 200 OK [http://localhost/items]


Processing ItemsController#index (for 127.0.0.1 at 2010-06-09 15:25:10) [OPTIONS]
  [4;35;1mItem Load (0.0ms)[0m   [0mSELECT * FROM "items" [0m
Rendering items/index
Completed in 20ms (View: 4, DB: 0) | 200 OK [http://localhost/items]


Processing ItemsController#index (for 127.0.0.1 at 2010-06-09 15:25:41) [OPTIONS]
  [4;36;1mItem Load (4.0ms)[0m   [0;1mSELECT * FROM "items" [0m
Rendering items/index
Completed in 68ms (View: 52, DB: 4) | 200 OK [http://localhost/items]


Processing ItemsController#index (for 127.0.0.1 at 2010-06-09 15:25:49) [GET]
  [4;35;1mItem Load (4.0ms)[0m   [0mSELECT * FROM "items" [0m
Rendering items/index
Completed in 28ms (View: 8, DB: 4) | 200 OK [http://localhost/items]


Processing ItemsController#index (for 127.0.0.1 at 2010-06-09 15:25:55) [GET]
  [4;36;1mItem Load (0.0ms)[0m   [0;1mSELECT * FROM "items" [0m
Rendering items/index
Completed in 92ms (View: 8, DB: 0) | 200 OK [http://localhost/items]


Processing ItemsController#index (for 127.0.0.1 at 2010-06-09 15:26:15) [GET]
  [4;35;1mItem Load (4.0ms)[0m   [0mSELECT * FROM "items" [0m
Rendering items/index
Completed in 24ms (View: 8, DB: 4) | 200 OK [http://localhost/items]


Processing ItemsController#index (for 127.0.0.1 at 2010-06-09 15:31:28) [GET]
  [4;36;1mItem Load (0.0ms)[0m   [0;1mSELECT * FROM "items" [0m
Rendering items/index
Completed in 24ms (View: 8, DB: 0) | 200 OK [http://localhost/items]


Processing ItemsController#index (for 127.0.0.1 at 2010-06-09 15:32:45) [GET]
  [4;35;1mItem Load (0.0ms)[0m   [0mSELECT * FROM "items" [0m
Rendering items/index
Completed in 20ms (View: 8, DB: 0) | 200 OK [http://localhost/items]


Processing ItemsController#index (for 127.0.0.1 at 2010-06-09 15:32:48) [GET]
  [4;36;1mItem Load (0.0ms)[0m   [0;1mSELECT * FROM "items" [0m
Rendering items/index
Completed in 16ms (View: 8, DB: 0) | 200 OK [http://localhost/items]


Processing ItemsController#show (for 127.0.0.1 at 2010-06-09 15:34:46) [GET]
  Parameters: {"id"=>"1"}
  [4;35;1mItem Load (0.0ms)[0m   [0mSELECT * FROM "items" WHERE ("items"."id" = 1) [0m
Completed in 144ms (View: 132, DB: 0) | 200 OK [http://localhost/items/1]


Processing ItemsController#show (for 127.0.0.1 at 2010-06-10 07:49:44) [GET]
  Parameters: {"id"=>"1"}
  [4;36;1mItem Load (0.0ms)[0m   [0;1mSELECT * FROM "items" WHERE ("items"."id" = 1) [0m
Completed in 20ms (View: 8, DB: 0) | 200 OK [http://localhost/items/1]


Processing ItemsController#index (for 127.0.0.1 at 2010-06-10 07:49:50) [GET]
  [4;35;1mItem Load (4.0ms)[0m   [0mSELECT * FROM "items" [0m
Rendering items/index
Completed in 28ms (View: 12, DB: 4) | 200 OK [http://localhost/items]


Processing ItemsController#index (for 127.0.0.1 at 2010-06-10 07:50:16) [OPTIONS]
  [4;36;1mItem Load (8.0ms)[0m   [0;1mSELECT * FROM "items" [0m
Rendering items/index
Completed in 96ms (View: 64, DB: 8) | 200 OK [http://localhost/items]


Processing ItemsController#index (for 127.0.0.1 at 2010-06-10 07:50:17) [OPTIONS]
  [4;35;1mItem Load (20.0ms)[0m   [0mSELECT * FROM "items" [0m
Rendering items/index
Completed in 64ms (View: 16, DB: 20) | 200 OK [http://localhost/items]


Processing ItemsController#index (for 127.0.0.1 at 2010-06-10 07:50:24) [OPTIONS]
  [4;36;1mItem Load (0.0ms)[0m   [0;1mSELECT * FROM "items" [0m
Rendering items/index
Completed in 20ms (View: 4, DB: 0) | 200 OK [http://localhost/items]


Processing ItemsController#index (for 127.0.0.1 at 2010-06-10 07:51:01) [OPTIONS]
  [4;35;1mItem Load (0.0ms)[0m   [0mSELECT * FROM "items" [0m
Rendering items/index
Completed in 24ms (View: 8, DB: 0) | 200 OK [http://localhost/items]


Processing ItemsController#index (for 127.0.0.1 at 2010-06-10 07:51:41) [OPTIONS]
  [4;36;1mItem Load (4.0ms)[0m   [0;1mSELECT * FROM "items" [0m
Rendering items/index
Completed in 68ms (View: 52, DB: 4) | 200 OK [http://localhost/items]


Processing ItemsController#index (for 127.0.0.1 at 2010-06-10 07:58:34) [GET]
  [4;36;1mItem Load (4.0ms)[0m   [0;1mSELECT * FROM "items" [0m
Rendering items/index
Completed in 108ms (View: 88, DB: 4) | 200 OK [http://localhost/items]


Processing ItemsController#index (for 127.0.0.1 at 2010-06-10 08:17:09) [GET]
  [4;35;1mItem Load (0.0ms)[0m   [0mSELECT * FROM "items" [0m
Rendering items/index
Completed in 20ms (View: 4, DB: 0) | 200 OK [http://localhost/items]


Processing ItemsController#index (for 127.0.0.1 at 2010-06-10 08:17:24) [GET]
  [4;36;1mItem Load (4.0ms)[0m   [0;1mSELECT * FROM "items" [0m
Rendering items/index
Completed in 84ms (View: 72, DB: 4) | 200 OK [http://localhost/items]


Processing ItemsController#index (for 127.0.0.1 at 2010-06-10 08:17:34) [GET]
  [4;35;1mItem Load (0.0ms)[0m   [0mSELECT * FROM "items" [0m
Rendering items/index
Completed in 24ms (View: 8, DB: 0) | 200 OK [http://localhost/items]


Processing ItemsController#index (for 127.0.0.1 at 2010-06-10 08:17:55) [GET]
  [4;36;1mItem Load (4.0ms)[0m   [0;1mSELECT * FROM "items" [0m
Rendering items/index
Completed in 20ms (View: 8, DB: 4) | 200 OK [http://localhost/items]


Processing ItemsController#index (for 127.0.0.1 at 2010-06-10 08:18:11) [GET]
  [4;35;1mItem Load (0.0ms)[0m   [0mSELECT * FROM "items" [0m
Rendering items/index
Completed in 20ms (View: 4, DB: 0) | 200 OK [http://localhost/items]


Processing ItemsController#index (for 127.0.0.1 at 2010-06-10 08:31:54) [GET]
  [4;36;1mItem Load (0.0ms)[0m   [0;1mSELECT * FROM "items" [0m
Rendering items/index
Completed in 24ms (View: 12, DB: 0) | 200 OK [http://localhost/items]


Processing ItemsController#index (for 127.0.0.1 at 2010-06-10 08:32:50) [GET]
  [4;35;1mItem Load (0.0ms)[0m   [0mSELECT * FROM "items" [0m
Rendering items/index
Completed in 24ms (View: 8, DB: 0) | 200 OK [http://localhost/items]


Processing ItemsController#index (for 127.0.0.1 at 2010-06-10 08:36:40) [GET]
  [4;36;1mItem Load (4.0ms)[0m   [0;1mSELECT * FROM "items" [0m
Rendering items/index
Completed in 32ms (View: 8, DB: 4) | 200 OK [http://localhost/items]


Processing ItemsController#index (for 127.0.0.1 at 2010-06-10 08:37:06) [GET]
  [4;35;1mItem Load (4.0ms)[0m   [0mSELECT * FROM "items" [0m
Rendering items/index
Completed in 28ms (View: 8, DB: 4) | 200 OK [http://localhost/items]


Processing ItemsController#index (for 127.0.0.1 at 2010-06-10 08:37:20) [GET]
  [4;36;1mItem Load (0.0ms)[0m   [0;1mSELECT * FROM "items" [0m
Rendering items/index
Completed in 28ms (View: 12, DB: 0) | 200 OK [http://localhost/items]


Processing ItemsController#index (for 127.0.0.1 at 2010-06-10 08:38:32) [GET]
  [4;35;1mItem Load (4.0ms)[0m   [0mSELECT * FROM "items" [0m
Rendering items/index
Completed in 68ms (View: 8, DB: 4) | 200 OK [http://localhost/items]


Processing ItemsController#index (for 127.0.0.1 at 2010-06-10 08:39:07) [GET]
  [4;36;1mItem Load (0.0ms)[0m   [0;1mSELECT * FROM "items" [0m
Rendering items/index
Completed in 24ms (View: 4, DB: 0) | 200 OK [http://localhost/items]


Processing ItemsController#index (for 127.0.0.1 at 2010-06-10 08:39:22) [GET]
  [4;35;1mItem Load (0.0ms)[0m   [0mSELECT * FROM "items" [0m
Rendering items/index
Completed in 24ms (View: 8, DB: 0) | 200 OK [http://localhost/items]


Processing ItemsController#index (for 127.0.0.1 at 2010-06-10 08:41:29) [GET]
  [4;36;1mItem Load (4.0ms)[0m   [0;1mSELECT * FROM "items" [0m
Rendering items/index
Completed in 20ms (View: 8, DB: 4) | 200 OK [http://localhost/items]


Processing ItemsController#index (for 127.0.0.1 at 2010-06-10 08:41:38) [GET]
  [4;35;1mItem Load (4.0ms)[0m   [0mSELECT * FROM "items" [0m
Rendering items/index
Completed in 20ms (View: 8, DB: 4) | 200 OK [http://localhost/items]


Processing ItemsController#index (for 127.0.0.1 at 2010-06-10 08:42:01) [GET]
  [4;36;1mItem Load (0.0ms)[0m   [0;1mSELECT * FROM "items" [0m
Rendering items/index
Completed in 24ms (View: 12, DB: 0) | 200 OK [http://localhost/items]


Processing ItemsController#index (for 127.0.0.1 at 2010-06-10 08:42:40) [GET]
  [4;35;1mItem Load (4.0ms)[0m   [0mSELECT * FROM "items" [0m
Rendering items/index
Completed in 28ms (View: 8, DB: 4) | 200 OK [http://localhost/items]


Processing ItemsController#index (for 127.0.0.1 at 2010-06-10 08:43:10) [GET]
  [4;36;1mItem Load (4.0ms)[0m   [0;1mSELECT * FROM "items" [0m
Rendering items/index
Completed in 28ms (View: 12, DB: 4) | 200 OK [http://localhost/items]


Processing ItemsController#index (for 127.0.0.1 at 2010-06-10 08:43:54) [GET]
  [4;35;1mItem Load (0.0ms)[0m   [0mSELECT * FROM "items" [0m
Rendering items/index
Completed in 16ms (View: 8, DB: 0) | 200 OK [http://localhost/items]


Processing ItemsController#index (for 127.0.0.1 at 2010-06-10 08:44:35) [GET]
  [4;36;1mItem Load (4.0ms)[0m   [0;1mSELECT * FROM "items" [0m
Rendering items/index
Completed in 20ms (View: 8, DB: 4) | 200 OK [http://localhost/items]


Processing ItemsController#index (for 127.0.0.1 at 2010-06-10 08:45:21) [GET]
  [4;35;1mItem Load (0.0ms)[0m   [0mSELECT * FROM "items" [0m
Rendering items/index
Completed in 24ms (View: 4, DB: 0) | 200 OK [http://localhost/items]


Processing ItemsController#index (for 127.0.0.1 at 2010-06-10 08:47:10) [GET]
  [4;36;1mItem Load (0.0ms)[0m   [0;1mSELECT * FROM "items" [0m
Rendering items/index
Completed in 20ms (View: 8, DB: 0) | 200 OK [http://localhost/items]


Processing ItemsController#index (for 127.0.0.1 at 2010-06-10 08:47:31) [GET]
  [4;35;1mItem Load (0.0ms)[0m   [0mSELECT * FROM "items" [0m
Rendering items/index
Completed in 20ms (View: 8, DB: 0) | 200 OK [http://localhost/items]


Processing ApplicationController#index (for 127.0.0.1 at 2010-06-10 08:47:31) [GET]

ActionController::RoutingError (No route matches "/notfound" with {:method=>:get}):
  restfulie (0.8.1) lib/restfulie/server/action_controller/params_parser.rb:59:in `call'
  /usr/lib/ruby/1.8/webrick/httpserver.rb:104:in `service'
  /usr/lib/ruby/1.8/webrick/httpserver.rb:65:in `run'
  /usr/lib/ruby/1.8/webrick/server.rb:173:in `start_thread'
  /usr/lib/ruby/1.8/webrick/server.rb:162:in `start'
  /usr/lib/ruby/1.8/webrick/server.rb:162:in `start_thread'
  /usr/lib/ruby/1.8/webrick/server.rb:95:in `start'
  /usr/lib/ruby/1.8/webrick/server.rb:92:in `each'
  /usr/lib/ruby/1.8/webrick/server.rb:92:in `start'
  /usr/lib/ruby/1.8/webrick/server.rb:23:in `start'
  /usr/lib/ruby/1.8/webrick/server.rb:82:in `start'

Rendering rescues/layout (not_found)


Processing ItemsController#index (for 127.0.0.1 at 2010-06-10 08:54:53) [GET]
  [4;36;1mItem Load (0.0ms)[0m   [0;1mSELECT * FROM "items" [0m
Rendering items/index
Completed in 20ms (View: 4, DB: 0) | 200 OK [http://localhost/items]


Processing ApplicationController#index (for 127.0.0.1 at 2010-06-10 08:54:53) [GET]

ActionController::RoutingError (No route matches "/notfound" with {:method=>:get}):
  restfulie (0.8.1) lib/restfulie/server/action_controller/params_parser.rb:59:in `call'
  /usr/lib/ruby/1.8/webrick/httpserver.rb:104:in `service'
  /usr/lib/ruby/1.8/webrick/httpserver.rb:65:in `run'
  /usr/lib/ruby/1.8/webrick/server.rb:173:in `start_thread'
  /usr/lib/ruby/1.8/webrick/server.rb:162:in `start'
  /usr/lib/ruby/1.8/webrick/server.rb:162:in `start_thread'
  /usr/lib/ruby/1.8/webrick/server.rb:95:in `start'
  /usr/lib/ruby/1.8/webrick/server.rb:92:in `each'
  /usr/lib/ruby/1.8/webrick/server.rb:92:in `start'
  /usr/lib/ruby/1.8/webrick/server.rb:23:in `start'
  /usr/lib/ruby/1.8/webrick/server.rb:82:in `start'

Rendering rescues/layout (not_found)


Processing ItemsController#index (for 127.0.0.1 at 2010-06-10 09:00:11) [GET]
  [4;35;1mItem Load (4.0ms)[0m   [0mSELECT * FROM "items" [0m
Rendering items/index
Completed in 20ms (View: 8, DB: 4) | 200 OK [http://localhost/items]


Processing ApplicationController#index (for 127.0.0.1 at 2010-06-10 09:00:11) [GET]

ActionController::RoutingError (No route matches "/notfound" with {:method=>:get}):
  restfulie (0.8.1) lib/restfulie/server/action_controller/params_parser.rb:59:in `call'
  /usr/lib/ruby/1.8/webrick/httpserver.rb:104:in `service'
  /usr/lib/ruby/1.8/webrick/httpserver.rb:65:in `run'
  /usr/lib/ruby/1.8/webrick/server.rb:173:in `start_thread'
  /usr/lib/ruby/1.8/webrick/server.rb:162:in `start'
  /usr/lib/ruby/1.8/webrick/server.rb:162:in `start_thread'
  /usr/lib/ruby/1.8/webrick/server.rb:95:in `start'
  /usr/lib/ruby/1.8/webrick/server.rb:92:in `each'
  /usr/lib/ruby/1.8/webrick/server.rb:92:in `start'
  /usr/lib/ruby/1.8/webrick/server.rb:23:in `start'
  /usr/lib/ruby/1.8/webrick/server.rb:82:in `start'

Rendering rescues/layout (not_found)


Processing ItemsController#show (for 127.0.0.1 at 2010-06-10 09:00:11) [GET]
  Parameters: {"id"=>"1"}
  [4;36;1mItem Load (0.0ms)[0m   [0;1mSELECT * FROM "items" WHERE ("items"."id" = 1) [0m
Completed in 216ms (View: 152, DB: 0) | 200 OK [http://localhost/items/1]


Processing ItemsController#index (for 127.0.0.1 at 2010-06-10 09:01:29) [GET]
  [4;35;1mItem Load (4.0ms)[0m   [0mSELECT * FROM "items" [0m
Rendering items/index
Completed in 20ms (View: 4, DB: 4) | 200 OK [http://localhost/items]


Processing ApplicationController#index (for 127.0.0.1 at 2010-06-10 09:01:29) [GET]

ActionController::RoutingError (No route matches "/notfound" with {:method=>:get}):
  restfulie (0.8.1) lib/restfulie/server/action_controller/params_parser.rb:59:in `call'
  /usr/lib/ruby/1.8/webrick/httpserver.rb:104:in `service'
  /usr/lib/ruby/1.8/webrick/httpserver.rb:65:in `run'
  /usr/lib/ruby/1.8/webrick/server.rb:173:in `start_thread'
  /usr/lib/ruby/1.8/webrick/server.rb:162:in `start'
  /usr/lib/ruby/1.8/webrick/server.rb:162:in `start_thread'
  /usr/lib/ruby/1.8/webrick/server.rb:95:in `start'
  /usr/lib/ruby/1.8/webrick/server.rb:92:in `each'
  /usr/lib/ruby/1.8/webrick/server.rb:92:in `start'
  /usr/lib/ruby/1.8/webrick/server.rb:23:in `start'
  /usr/lib/ruby/1.8/webrick/server.rb:82:in `start'

Rendering rescues/layout (not_found)


Processing ItemsController#show (for 127.0.0.1 at 2010-06-10 09:01:29) [GET]
  Parameters: {"id"=>"1"}
  [4;36;1mItem Load (0.0ms)[0m   [0;1mSELECT * FROM "items" WHERE ("items"."id" = 1) [0m
Completed in 16ms (View: 4, DB: 0) | 200 OK [http://localhost/items/1]


Processing ItemsController#index (for 127.0.0.1 at 2010-06-10 09:02:26) [GET]
  [4;35;1mItem Load (0.0ms)[0m   [0mSELECT * FROM "items" [0m
Rendering items/index
Completed in 24ms (View: 8, DB: 0) | 200 OK [http://localhost/items]


Processing ApplicationController#index (for 127.0.0.1 at 2010-06-10 09:02:26) [GET]

ActionController::RoutingError (No route matches "/notfound" with {:method=>:get}):
  restfulie (0.8.1) lib/restfulie/server/action_controller/params_parser.rb:59:in `call'
  /usr/lib/ruby/1.8/webrick/httpserver.rb:104:in `service'
  /usr/lib/ruby/1.8/webrick/httpserver.rb:65:in `run'
  /usr/lib/ruby/1.8/webrick/server.rb:173:in `start_thread'
  /usr/lib/ruby/1.8/webrick/server.rb:162:in `start'
  /usr/lib/ruby/1.8/webrick/server.rb:162:in `start_thread'
  /usr/lib/ruby/1.8/webrick/server.rb:95:in `start'
  /usr/lib/ruby/1.8/webrick/server.rb:92:in `each'
  /usr/lib/ruby/1.8/webrick/server.rb:92:in `start'
  /usr/lib/ruby/1.8/webrick/server.rb:23:in `start'
  /usr/lib/ruby/1.8/webrick/server.rb:82:in `start'

Rendering rescues/layout (not_found)


Processing ItemsController#show (for 127.0.0.1 at 2010-06-10 09:02:26) [GET]
  Parameters: {"id"=>"1"}
  [4;36;1mItem Load (0.0ms)[0m   [0;1mSELECT * FROM "items" WHERE ("items"."id" = 1) [0m
Completed in 16ms (View: 4, DB: 0) | 200 OK [http://localhost/items/1]


Processing ItemsController#index (for 127.0.0.1 at 2010-06-10 09:02:50) [GET]
  [4;35;1mItem Load (0.0ms)[0m   [0mSELECT * FROM "items" [0m
Rendering items/index
Completed in 20ms (View: 8, DB: 0) | 200 OK [http://localhost/items]


Processing ApplicationController#index (for 127.0.0.1 at 2010-06-10 09:02:50) [GET]

ActionController::RoutingError (No route matches "/notfound" with {:method=>:get}):
  restfulie (0.8.1) lib/restfulie/server/action_controller/params_parser.rb:59:in `call'
  /usr/lib/ruby/1.8/webrick/httpserver.rb:104:in `service'
  /usr/lib/ruby/1.8/webrick/httpserver.rb:65:in `run'
  /usr/lib/ruby/1.8/webrick/server.rb:173:in `start_thread'
  /usr/lib/ruby/1.8/webrick/server.rb:162:in `start'
  /usr/lib/ruby/1.8/webrick/server.rb:162:in `start_thread'
  /usr/lib/ruby/1.8/webrick/server.rb:95:in `start'
  /usr/lib/ruby/1.8/webrick/server.rb:92:in `each'
  /usr/lib/ruby/1.8/webrick/server.rb:92:in `start'
  /usr/lib/ruby/1.8/webrick/server.rb:23:in `start'
  /usr/lib/ruby/1.8/webrick/server.rb:82:in `start'

Rendering rescues/layout (not_found)


Processing ItemsController#show (for 127.0.0.1 at 2010-06-10 09:02:50) [GET]
  Parameters: {"id"=>"1"}
  [4;36;1mItem Load (0.0ms)[0m   [0;1mSELECT * FROM "items" WHERE ("items"."id" = 1) [0m
Completed in 20ms (View: 4, DB: 0) | 200 OK [http://localhost/items/1]


Processing ItemsController#index (for 127.0.0.1 at 2010-06-10 09:04:24) [GET]
  [4;35;1mItem Load (0.0ms)[0m   [0mSELECT * FROM "items" [0m
Rendering items/index
Completed in 20ms (View: 8, DB: 0) | 200 OK [http://localhost/items]


Processing ApplicationController#index (for 127.0.0.1 at 2010-06-10 09:04:24) [GET]

ActionController::RoutingError (No route matches "/notfound" with {:method=>:get}):
  restfulie (0.8.1) lib/restfulie/server/action_controller/params_parser.rb:59:in `call'
  /usr/lib/ruby/1.8/webrick/httpserver.rb:104:in `service'
  /usr/lib/ruby/1.8/webrick/httpserver.rb:65:in `run'
  /usr/lib/ruby/1.8/webrick/server.rb:173:in `start_thread'
  /usr/lib/ruby/1.8/webrick/server.rb:162:in `start'
  /usr/lib/ruby/1.8/webrick/server.rb:162:in `start_thread'
  /usr/lib/ruby/1.8/webrick/server.rb:95:in `start'
  /usr/lib/ruby/1.8/webrick/server.rb:92:in `each'
  /usr/lib/ruby/1.8/webrick/server.rb:92:in `start'
  /usr/lib/ruby/1.8/webrick/server.rb:23:in `start'
  /usr/lib/ruby/1.8/webrick/server.rb:82:in `start'

Rendering rescues/layout (not_found)


Processing ItemsController#show (for 127.0.0.1 at 2010-06-10 09:04:24) [GET]
  Parameters: {"id"=>"1"}
  [4;36;1mItem Load (0.0ms)[0m   [0;1mSELECT * FROM "items" WHERE ("items"."id" = 1) [0m
Completed in 16ms (View: 4, DB: 0) | 200 OK [http://localhost/items/1]


Processing ItemsController#index (for 127.0.0.1 at 2010-06-10 09:04:57) [GET]
  [4;35;1mItem Load (0.0ms)[0m   [0mSELECT * FROM "items" [0m
Rendering items/index
Completed in 20ms (View: 8, DB: 0) | 200 OK [http://localhost/items]


Processing ApplicationController#index (for 127.0.0.1 at 2010-06-10 09:04:57) [GET]

ActionController::RoutingError (No route matches "/notfound" with {:method=>:get}):
  restfulie (0.8.1) lib/restfulie/server/action_controller/params_parser.rb:59:in `call'
  /usr/lib/ruby/1.8/webrick/httpserver.rb:104:in `service'
  /usr/lib/ruby/1.8/webrick/httpserver.rb:65:in `run'
  /usr/lib/ruby/1.8/webrick/server.rb:173:in `start_thread'
  /usr/lib/ruby/1.8/webrick/server.rb:162:in `start'
  /usr/lib/ruby/1.8/webrick/server.rb:162:in `start_thread'
  /usr/lib/ruby/1.8/webrick/server.rb:95:in `start'
  /usr/lib/ruby/1.8/webrick/server.rb:92:in `each'
  /usr/lib/ruby/1.8/webrick/server.rb:92:in `start'
  /usr/lib/ruby/1.8/webrick/server.rb:23:in `start'
  /usr/lib/ruby/1.8/webrick/server.rb:82:in `start'

Rendering rescues/layout (not_found)


Processing ItemsController#show (for 127.0.0.1 at 2010-06-10 09:04:57) [GET]
  Parameters: {"id"=>"1"}
  [4;36;1mItem Load (0.0ms)[0m   [0;1mSELECT * FROM "items" WHERE ("items"."id" = 1) [0m
Completed in 16ms (View: 4, DB: 0) | 200 OK [http://localhost/items/1]


Processing ItemsController#index (for 127.0.0.1 at 2010-06-10 09:06:50) [GET]
  [4;35;1mItem Load (0.0ms)[0m   [0mSELECT * FROM "items" [0m
Rendering items/index
Completed in 40ms (View: 12, DB: 0) | 200 OK [http://localhost/items]


Processing ApplicationController#index (for 127.0.0.1 at 2010-06-10 09:06:50) [GET]

ActionController::RoutingError (No route matches "/notfound" with {:method=>:get}):
  restfulie (0.8.1) lib/restfulie/server/action_controller/params_parser.rb:59:in `call'
  /usr/lib/ruby/1.8/webrick/httpserver.rb:104:in `service'
  /usr/lib/ruby/1.8/webrick/httpserver.rb:65:in `run'
  /usr/lib/ruby/1.8/webrick/server.rb:173:in `start_thread'
  /usr/lib/ruby/1.8/webrick/server.rb:162:in `start'
  /usr/lib/ruby/1.8/webrick/server.rb:162:in `start_thread'
  /usr/lib/ruby/1.8/webrick/server.rb:95:in `start'
  /usr/lib/ruby/1.8/webrick/server.rb:92:in `each'
  /usr/lib/ruby/1.8/webrick/server.rb:92:in `start'
  /usr/lib/ruby/1.8/webrick/server.rb:23:in `start'
  /usr/lib/ruby/1.8/webrick/server.rb:82:in `start'

Rendering rescues/layout (not_found)


Processing ItemsController#show (for 127.0.0.1 at 2010-06-10 09:06:50) [GET]
  Parameters: {"id"=>"1"}
  [4;36;1mItem Load (0.0ms)[0m   [0;1mSELECT * FROM "items" WHERE ("items"."id" = 1) [0m
Completed in 28ms (View: 8, DB: 0) | 200 OK [http://localhost/items/1]


Processing ItemsController#1 (for 127.0.0.1 at 2010-06-10 09:06:50) [POST]
  Parameters: {"price"=>20, "item"=>{"name"=>"Calpis", "price"=>10, "created_at"=>"2010-04-20T14:19:25Z", "updated_at"=>"2010-04-20T14:19:25Z", "id"=>1}}

ActionController::UnknownAction (No action responded to 1. Actions: create, index, and show):
  restfulie (0.8.1) lib/restfulie/server/action_controller/base.rb:24:in `call'
  restfulie (0.8.1) lib/restfulie/server/action_controller/params_parser.rb:59:in `call'
  /usr/lib/ruby/1.8/webrick/httpserver.rb:104:in `service'
  /usr/lib/ruby/1.8/webrick/httpserver.rb:65:in `run'
  /usr/lib/ruby/1.8/webrick/server.rb:173:in `start_thread'
  /usr/lib/ruby/1.8/webrick/server.rb:162:in `start'
  /usr/lib/ruby/1.8/webrick/server.rb:162:in `start_thread'
  /usr/lib/ruby/1.8/webrick/server.rb:95:in `start'
  /usr/lib/ruby/1.8/webrick/server.rb:92:in `each'
  /usr/lib/ruby/1.8/webrick/server.rb:92:in `start'
  /usr/lib/ruby/1.8/webrick/server.rb:23:in `start'
  /usr/lib/ruby/1.8/webrick/server.rb:82:in `start'

Rendering rescues/layout (not_found)


Processing ItemsController#index (for 127.0.0.1 at 2010-06-10 09:10:45) [GET]
  [4;35;1mItem Load (4.0ms)[0m   [0mSELECT * FROM "items" [0m
Rendering items/index
Completed in 20ms (View: 8, DB: 4) | 200 OK [http://localhost/items]


Processing ApplicationController#index (for 127.0.0.1 at 2010-06-10 09:10:45) [GET]

ActionController::RoutingError (No route matches "/notfound" with {:method=>:get}):
  restfulie (0.8.1) lib/restfulie/server/action_controller/params_parser.rb:59:in `call'
  /usr/lib/ruby/1.8/webrick/httpserver.rb:104:in `service'
  /usr/lib/ruby/1.8/webrick/httpserver.rb:65:in `run'
  /usr/lib/ruby/1.8/webrick/server.rb:173:in `start_thread'
  /usr/lib/ruby/1.8/webrick/server.rb:162:in `start'
  /usr/lib/ruby/1.8/webrick/server.rb:162:in `start_thread'
  /usr/lib/ruby/1.8/webrick/server.rb:95:in `start'
  /usr/lib/ruby/1.8/webrick/server.rb:92:in `each'
  /usr/lib/ruby/1.8/webrick/server.rb:92:in `start'
  /usr/lib/ruby/1.8/webrick/server.rb:23:in `start'
  /usr/lib/ruby/1.8/webrick/server.rb:82:in `start'

Rendering rescues/layout (not_found)


Processing ItemsController#show (for 127.0.0.1 at 2010-06-10 09:10:45) [GET]
  Parameters: {"id"=>"1"}
  [4;36;1mItem Load (0.0ms)[0m   [0;1mSELECT * FROM "items" WHERE ("items"."id" = 1) [0m
Completed in 20ms (View: 0, DB: 0) | 200 OK [http://localhost/items/1]


Processing ItemsController#create (for 127.0.0.1 at 2010-06-10 09:10:45) [POST]
  Parameters: {"price"=>20, "item"=>{"name"=>"Calpis", "price"=>10, "created_at"=>"2010-04-20T14:19:25Z", "updated_at"=>"2010-04-20T14:19:25Z", "id"=>1}}
WARNING: Can't mass-assign these protected attributes: id
  [4;35;1mItem Create (20.0ms)[0m   [0mINSERT INTO "items" ("name", "price", "created_at", "updated_at") VALUES('Calpis', 10.0, '2010-04-20 14:19:25', '2010-04-20 14:19:25')[0m
Completed in 72ms (View: 0, DB: 20) | 201 Created [http://localhost/items]


Processing ItemsController#index (for 127.0.0.1 at 2010-06-10 09:11:11) [GET]
  [4;36;1mItem Load (4.0ms)[0m   [0;1mSELECT * FROM "items" [0m
Rendering items/index
Completed in 20ms (View: 8, DB: 4) | 200 OK [http://localhost/items]


Processing ApplicationController#index (for 127.0.0.1 at 2010-06-10 09:11:11) [GET]

ActionController::RoutingError (No route matches "/notfound" with {:method=>:get}):
  restfulie (0.8.1) lib/restfulie/server/action_controller/params_parser.rb:59:in `call'
  /usr/lib/ruby/1.8/webrick/httpserver.rb:104:in `service'
  /usr/lib/ruby/1.8/webrick/httpserver.rb:65:in `run'
  /usr/lib/ruby/1.8/webrick/server.rb:173:in `start_thread'
  /usr/lib/ruby/1.8/webrick/server.rb:162:in `start'
  /usr/lib/ruby/1.8/webrick/server.rb:162:in `start_thread'
  /usr/lib/ruby/1.8/webrick/server.rb:95:in `start'
  /usr/lib/ruby/1.8/webrick/server.rb:92:in `each'
  /usr/lib/ruby/1.8/webrick/server.rb:92:in `start'
  /usr/lib/ruby/1.8/webrick/server.rb:23:in `start'
  /usr/lib/ruby/1.8/webrick/server.rb:82:in `start'

Rendering rescues/layout (not_found)


Processing ItemsController#show (for 127.0.0.1 at 2010-06-10 09:11:12) [GET]
  Parameters: {"id"=>"1"}
  [4;35;1mItem Load (0.0ms)[0m   [0mSELECT * FROM "items" WHERE ("items"."id" = 1) [0m
Completed in 16ms (View: 4, DB: 0) | 200 OK [http://localhost/items/1]


Processing ItemsController#create (for 127.0.0.1 at 2010-06-10 09:11:12) [POST]
  Parameters: {"price"=>20, "item"=>{"name"=>"Calpis", "price"=>10, "created_at"=>"2010-04-20T14:19:25Z", "updated_at"=>"2010-04-20T14:19:25Z", "id"=>1}}
WARNING: Can't mass-assign these protected attributes: id
  [4;36;1mItem Create (0.0ms)[0m   [0;1mINSERT INTO "items" ("name", "price", "created_at", "updated_at") VALUES('Calpis', 10.0, '2010-04-20 14:19:25', '2010-04-20 14:19:25')[0m
Completed in 56ms (View: 0, DB: 0) | 201 Created [http://localhost/items]


Processing ItemsController#index (for 127.0.0.1 at 2010-06-10 09:13:59) [GET]
  [4;35;1mItem Load (0.0ms)[0m   [0mSELECT * FROM "items" [0m
Rendering items/index
Completed in 24ms (View: 12, DB: 0) | 200 OK [http://localhost/items]


Processing ApplicationController#index (for 127.0.0.1 at 2010-06-10 09:14:00) [GET]

ActionController::RoutingError (No route matches "/notfound" with {:method=>:get}):
  restfulie (0.8.1) lib/restfulie/server/action_controller/params_parser.rb:59:in `call'
  /usr/lib/ruby/1.8/webrick/httpserver.rb:104:in `service'
  /usr/lib/ruby/1.8/webrick/httpserver.rb:65:in `run'
  /usr/lib/ruby/1.8/webrick/server.rb:173:in `start_thread'
  /usr/lib/ruby/1.8/webrick/server.rb:162:in `start'
  /usr/lib/ruby/1.8/webrick/server.rb:162:in `start_thread'
  /usr/lib/ruby/1.8/webrick/server.rb:95:in `start'
  /usr/lib/ruby/1.8/webrick/server.rb:92:in `each'
  /usr/lib/ruby/1.8/webrick/server.rb:92:in `start'
  /usr/lib/ruby/1.8/webrick/server.rb:23:in `start'
  /usr/lib/ruby/1.8/webrick/server.rb:82:in `start'

Rendering rescues/layout (not_found)


Processing ItemsController#show (for 127.0.0.1 at 2010-06-10 09:14:00) [GET]
  Parameters: {"id"=>"1"}
  [4;36;1mItem Load (0.0ms)[0m   [0;1mSELECT * FROM "items" WHERE ("items"."id" = 1) [0m
Completed in 20ms (View: 0, DB: 0) | 200 OK [http://localhost/items/1]


Processing ItemsController#create (for 127.0.0.1 at 2010-06-10 09:14:00) [POST]
  Parameters: {"price"=>20, "item"=>{"name"=>"Calpis", "price"=>10, "created_at"=>"2010-04-20T14:19:25Z", "updated_at"=>"2010-04-20T14:19:25Z", "id"=>1}}
WARNING: Can't mass-assign these protected attributes: id
  [4;35;1mItem Create (0.0ms)[0m   [0mINSERT INTO "items" ("name", "price", "created_at", "updated_at") VALUES('Calpis', 10.0, '2010-04-20 14:19:25', '2010-04-20 14:19:25')[0m
Completed in 60ms (View: 0, DB: 0) | 201 Created [http://localhost/items]


Processing ItemsController#index (for 127.0.0.1 at 2010-06-10 09:14:52) [GET]
  [4;36;1mItem Load (4.0ms)[0m   [0;1mSELECT * FROM "items" [0m
Rendering items/index
Completed in 24ms (View: 8, DB: 4) | 200 OK [http://localhost/items]


Processing ApplicationController#index (for 127.0.0.1 at 2010-06-10 09:14:52) [GET]

ActionController::RoutingError (No route matches "/notfound" with {:method=>:get}):
  restfulie (0.8.1) lib/restfulie/server/action_controller/params_parser.rb:59:in `call'
  /usr/lib/ruby/1.8/webrick/httpserver.rb:104:in `service'
  /usr/lib/ruby/1.8/webrick/httpserver.rb:65:in `run'
  /usr/lib/ruby/1.8/webrick/server.rb:173:in `start_thread'
  /usr/lib/ruby/1.8/webrick/server.rb:162:in `start'
  /usr/lib/ruby/1.8/webrick/server.rb:162:in `start_thread'
  /usr/lib/ruby/1.8/webrick/server.rb:95:in `start'
  /usr/lib/ruby/1.8/webrick/server.rb:92:in `each'
  /usr/lib/ruby/1.8/webrick/server.rb:92:in `start'
  /usr/lib/ruby/1.8/webrick/server.rb:23:in `start'
  /usr/lib/ruby/1.8/webrick/server.rb:82:in `start'

Rendering rescues/layout (not_found)


Processing ItemsController#show (for 127.0.0.1 at 2010-06-10 09:14:52) [GET]
  Parameters: {"id"=>"1"}
  [4;35;1mItem Load (4.0ms)[0m   [0mSELECT * FROM "items" WHERE ("items"."id" = 1) [0m
Completed in 20ms (View: 4, DB: 0) | 200 OK [http://localhost/items/1]


Processing ItemsController#create (for 127.0.0.1 at 2010-06-10 09:14:52) [POST]
  Parameters: {"price"=>20, "item"=>{"name"=>"Calpis", "price"=>10, "created_at"=>"2010-04-20T14:19:25Z", "updated_at"=>"2010-04-20T14:19:25Z", "id"=>1}}
WARNING: Can't mass-assign these protected attributes: id
  [4;36;1mItem Create (0.0ms)[0m   [0;1mINSERT INTO "items" ("name", "price", "created_at", "updated_at") VALUES('Calpis', 10.0, '2010-04-20 14:19:25', '2010-04-20 14:19:25')[0m
Completed in 28ms (View: 0, DB: 0) | 201 Created [http://localhost/items]


Processing ItemsController#show (for 127.0.0.1 at 2010-06-10 09:14:52) [GET]
  Parameters: {"id"=>"6"}
  [4;35;1mItem Load (0.0ms)[0m   [0mSELECT * FROM "items" WHERE ("items"."id" = 6) [0m
Completed in 20ms (View: 0, DB: 0) | 406 Not Acceptable [http://localhost/items/6]


Processing ItemsController#index (for 127.0.0.1 at 2010-06-10 09:16:54) [GET]
  [4;36;1mItem Load (4.0ms)[0m   [0;1mSELECT * FROM "items" [0m
Rendering items/index
Completed in 24ms (View: 8, DB: 4) | 200 OK [http://localhost/items]


Processing ApplicationController#index (for 127.0.0.1 at 2010-06-10 09:16:55) [GET]

ActionController::RoutingError (No route matches "/notfound" with {:method=>:get}):
  restfulie (0.8.1) lib/restfulie/server/action_controller/params_parser.rb:59:in `call'
  /usr/lib/ruby/1.8/webrick/httpserver.rb:104:in `service'
  /usr/lib/ruby/1.8/webrick/httpserver.rb:65:in `run'
  /usr/lib/ruby/1.8/webrick/server.rb:173:in `start_thread'
  /usr/lib/ruby/1.8/webrick/server.rb:162:in `start'
  /usr/lib/ruby/1.8/webrick/server.rb:162:in `start_thread'
  /usr/lib/ruby/1.8/webrick/server.rb:95:in `start'
  /usr/lib/ruby/1.8/webrick/server.rb:92:in `each'
  /usr/lib/ruby/1.8/webrick/server.rb:92:in `start'
  /usr/lib/ruby/1.8/webrick/server.rb:23:in `start'
  /usr/lib/ruby/1.8/webrick/server.rb:82:in `start'

Rendering rescues/layout (not_found)


Processing ItemsController#show (for 127.0.0.1 at 2010-06-10 09:16:55) [GET]
  Parameters: {"id"=>"1"}
  [4;35;1mItem Load (0.0ms)[0m   [0mSELECT * FROM "items" WHERE ("items"."id" = 1) [0m
Completed in 16ms (View: 4, DB: 0) | 200 OK [http://localhost/items/1]


Processing ItemsController#create (for 127.0.0.1 at 2010-06-10 09:16:55) [POST]
  Parameters: {"price"=>20, "item"=>{"name"=>"Calpis", "price"=>10, "created_at"=>"2010-04-20T14:19:25Z", "updated_at"=>"2010-04-20T14:19:25Z", "id"=>1}}
WARNING: Can't mass-assign these protected attributes: id
  [4;36;1mItem Create (0.0ms)[0m   [0;1mINSERT INTO "items" ("name", "price", "created_at", "updated_at") VALUES('Calpis', 10.0, '2010-04-20 14:19:25', '2010-04-20 14:19:25')[0m
Completed in 36ms (View: 0, DB: 0) | 201 Created [http://localhost/items]


Processing ItemsController#index (for 127.0.0.1 at 2010-06-10 09:18:39) [GET]
  [4;35;1mItem Load (4.0ms)[0m   [0mSELECT * FROM "items" [0m
Rendering items/index
Completed in 28ms (View: 16, DB: 4) | 200 OK [http://localhost/items]


Processing ItemsController#show (for 127.0.0.1 at 2010-06-10 09:18:44) [GET]
  Parameters: {"id"=>"7"}
  [4;36;1mItem Load (0.0ms)[0m   [0;1mSELECT * FROM "items" WHERE ("items"."id" = 7) [0m
Completed in 20ms (View: 8, DB: 0) | 200 OK [http://localhost/items/7]


Processing ItemsController#index (for 127.0.0.1 at 2010-06-10 09:18:55) [GET]
  [4;35;1mItem Load (4.0ms)[0m   [0mSELECT * FROM "items" [0m
Rendering items/index
Completed in 32ms (View: 16, DB: 4) | 200 OK [http://localhost/items]


Processing ApplicationController#index (for 127.0.0.1 at 2010-06-10 09:18:55) [GET]

ActionController::RoutingError (No route matches "/notfound" with {:method=>:get}):
  restfulie (0.8.1) lib/restfulie/server/action_controller/params_parser.rb:59:in `call'
  /usr/lib/ruby/1.8/webrick/httpserver.rb:104:in `service'
  /usr/lib/ruby/1.8/webrick/httpserver.rb:65:in `run'
  /usr/lib/ruby/1.8/webrick/server.rb:173:in `start_thread'
  /usr/lib/ruby/1.8/webrick/server.rb:162:in `start'
  /usr/lib/ruby/1.8/webrick/server.rb:162:in `start_thread'
  /usr/lib/ruby/1.8/webrick/server.rb:95:in `start'
  /usr/lib/ruby/1.8/webrick/server.rb:92:in `each'
  /usr/lib/ruby/1.8/webrick/server.rb:92:in `start'
  /usr/lib/ruby/1.8/webrick/server.rb:23:in `start'
  /usr/lib/ruby/1.8/webrick/server.rb:82:in `start'

Rendering rescues/layout (not_found)


Processing ItemsController#show (for 127.0.0.1 at 2010-06-10 09:18:56) [GET]
  Parameters: {"id"=>"1"}
  [4;36;1mItem Load (0.0ms)[0m   [0;1mSELECT * FROM "items" WHERE ("items"."id" = 1) [0m
Completed in 56ms (View: 8, DB: 0) | 200 OK [http://localhost/items/1]


Processing ItemsController#create (for 127.0.0.1 at 2010-06-10 09:18:56) [POST]
  Parameters: {"price"=>20, "item"=>{"name"=>"Calpis", "price"=>10, "created_at"=>"2010-04-20T14:19:25Z", "updated_at"=>"2010-04-20T14:19:25Z", "id"=>1}}
WARNING: Can't mass-assign these protected attributes: id
  [4;35;1mItem Create (0.0ms)[0m   [0mINSERT INTO "items" ("name", "price", "created_at", "updated_at") VALUES('Calpis', 10.0, '2010-04-20 14:19:25', '2010-04-20 14:19:25')[0m
Completed in 40ms (View: 0, DB: 0) | 201 Created [http://localhost/items]


Processing ItemsController#index (for 127.0.0.1 at 2010-06-10 09:19:53) [GET]
  [4;36;1mItem Load (4.0ms)[0m   [0;1mSELECT * FROM "items" [0m
Rendering items/index
Completed in 68ms (View: 56, DB: 4) | 200 OK [http://localhost/items]


Processing ApplicationController#index (for 127.0.0.1 at 2010-06-10 09:19:53) [GET]

ActionController::RoutingError (No route matches "/notfound" with {:method=>:get}):
  restfulie (0.8.1) lib/restfulie/server/action_controller/params_parser.rb:59:in `call'
  /usr/lib/ruby/1.8/webrick/httpserver.rb:104:in `service'
  /usr/lib/ruby/1.8/webrick/httpserver.rb:65:in `run'
  /usr/lib/ruby/1.8/webrick/server.rb:173:in `start_thread'
  /usr/lib/ruby/1.8/webrick/server.rb:162:in `start'
  /usr/lib/ruby/1.8/webrick/server.rb:162:in `start_thread'
  /usr/lib/ruby/1.8/webrick/server.rb:95:in `start'
  /usr/lib/ruby/1.8/webrick/server.rb:92:in `each'
  /usr/lib/ruby/1.8/webrick/server.rb:92:in `start'
  /usr/lib/ruby/1.8/webrick/server.rb:23:in `start'
  /usr/lib/ruby/1.8/webrick/server.rb:82:in `start'

Rendering rescues/layout (not_found)


Processing ItemsController#show (for 127.0.0.1 at 2010-06-10 09:19:53) [GET]
  Parameters: {"id"=>"1"}
  [4;35;1mItem Load (0.0ms)[0m   [0mSELECT * FROM "items" WHERE ("items"."id" = 1) [0m
Completed in 16ms (View: 4, DB: 0) | 200 OK [http://localhost/items/1]


Processing ItemsController#create (for 127.0.0.1 at 2010-06-10 09:19:53) [POST]
  Parameters: {"price"=>20, "item"=>{"name"=>"Calpis", "price"=>10, "created_at"=>"2010-04-20T14:19:25Z", "updated_at"=>"2010-04-20T14:19:25Z", "id"=>1}}
WARNING: Can't mass-assign these protected attributes: id
  [4;36;1mItem Create (0.0ms)[0m   [0;1mINSERT INTO "items" ("name", "price", "created_at", "updated_at") VALUES('Calpis', 10.0, '2010-04-20 14:19:25', '2010-04-20 14:19:25')[0m
Completed in 28ms (View: 0, DB: 0) | 201 Created [http://localhost/items]


Processing ItemsController#show (for 127.0.0.1 at 2010-06-10 09:19:53) [GET]
  Parameters: {"id"=>"9"}
  [4;35;1mItem Load (0.0ms)[0m   [0mSELECT * FROM "items" WHERE ("items"."id" = 9) [0m
Completed in 16ms (View: 0, DB: 0) | 406 Not Acceptable [http://localhost/items/9]


Processing ItemsController#index (for 127.0.0.1 at 2010-06-10 09:20:59) [GET]
  [4;36;1mItem Load (4.0ms)[0m   [0;1mSELECT * FROM "items" [0m
Rendering items/index
Completed in 28ms (View: 16, DB: 4) | 200 OK [http://localhost/items]


Processing ApplicationController#index (for 127.0.0.1 at 2010-06-10 09:20:59) [GET]

ActionController::RoutingError (No route matches "/notfound" with {:method=>:get}):
  restfulie (0.8.1) lib/restfulie/server/action_controller/params_parser.rb:59:in `call'
  /usr/lib/ruby/1.8/webrick/httpserver.rb:104:in `service'
  /usr/lib/ruby/1.8/webrick/httpserver.rb:65:in `run'
  /usr/lib/ruby/1.8/webrick/server.rb:173:in `start_thread'
  /usr/lib/ruby/1.8/webrick/server.rb:162:in `start'
  /usr/lib/ruby/1.8/webrick/server.rb:162:in `start_thread'
  /usr/lib/ruby/1.8/webrick/server.rb:95:in `start'
  /usr/lib/ruby/1.8/webrick/server.rb:92:in `each'
  /usr/lib/ruby/1.8/webrick/server.rb:92:in `start'
  /usr/lib/ruby/1.8/webrick/server.rb:23:in `start'
  /usr/lib/ruby/1.8/webrick/server.rb:82:in `start'

Rendering rescues/layout (not_found)


Processing ItemsController#show (for 127.0.0.1 at 2010-06-10 09:20:59) [GET]
  Parameters: {"id"=>"1"}
  [4;35;1mItem Load (0.0ms)[0m   [0mSELECT * FROM "items" WHERE ("items"."id" = 1) [0m
Completed in 24ms (View: 4, DB: 0) | 200 OK [http://localhost/items/1]


Processing ItemsController#create (for 127.0.0.1 at 2010-06-10 09:20:59) [POST]
  Parameters: {"price"=>20, "item"=>{"name"=>"Calpis", "price"=>10, "created_at"=>"2010-04-20T14:19:25Z", "updated_at"=>"2010-04-20T14:19:25Z", "id"=>1}}
WARNING: Can't mass-assign these protected attributes: id
  [4;36;1mItem Create (0.0ms)[0m   [0;1mINSERT INTO "items" ("name", "price", "created_at", "updated_at") VALUES('Calpis', 10.0, '2010-04-20 14:19:25', '2010-04-20 14:19:25')[0m
Completed in 32ms (View: 0, DB: 0) | 201 Created [http://localhost/items]


Processing ItemsController#index (for 127.0.0.1 at 2010-06-10 09:26:04) [GET]
  [4;35;1mItem Load (0.0ms)[0m   [0mSELECT * FROM "items" [0m
Rendering items/index
Completed in 28ms (View: 16, DB: 0) | 200 OK [http://localhost/items]


Processing ApplicationController#index (for 127.0.0.1 at 2010-06-10 09:26:04) [GET]

ActionController::RoutingError (No route matches "/notfound" with {:method=>:get}):
  restfulie (0.8.1) lib/restfulie/server/action_controller/params_parser.rb:59:in `call'
  /usr/lib/ruby/1.8/webrick/httpserver.rb:104:in `service'
  /usr/lib/ruby/1.8/webrick/httpserver.rb:65:in `run'
  /usr/lib/ruby/1.8/webrick/server.rb:173:in `start_thread'
  /usr/lib/ruby/1.8/webrick/server.rb:162:in `start'
  /usr/lib/ruby/1.8/webrick/server.rb:162:in `start_thread'
  /usr/lib/ruby/1.8/webrick/server.rb:95:in `start'
  /usr/lib/ruby/1.8/webrick/server.rb:92:in `each'
  /usr/lib/ruby/1.8/webrick/server.rb:92:in `start'
  /usr/lib/ruby/1.8/webrick/server.rb:23:in `start'
  /usr/lib/ruby/1.8/webrick/server.rb:82:in `start'

Rendering rescues/layout (not_found)


Processing ItemsController#show (for 127.0.0.1 at 2010-06-10 09:26:04) [GET]
  Parameters: {"id"=>"1"}
  [4;36;1mItem Load (0.0ms)[0m   [0;1mSELECT * FROM "items" WHERE ("items"."id" = 1) [0m
Completed in 16ms (View: 4, DB: 0) | 200 OK [http://localhost/items/1]


Processing ItemsController#index (for 127.0.0.1 at 2010-06-10 09:26:38) [GET]
  [4;35;1mItem Load (4.0ms)[0m   [0mSELECT * FROM "items" [0m
Rendering items/index
Completed in 32ms (View: 16, DB: 4) | 200 OK [http://localhost/items]


Processing ApplicationController#index (for 127.0.0.1 at 2010-06-10 09:26:38) [GET]

ActionController::RoutingError (No route matches "/notfound" with {:method=>:get}):
  restfulie (0.8.1) lib/restfulie/server/action_controller/params_parser.rb:59:in `call'
  /usr/lib/ruby/1.8/webrick/httpserver.rb:104:in `service'
  /usr/lib/ruby/1.8/webrick/httpserver.rb:65:in `run'
  /usr/lib/ruby/1.8/webrick/server.rb:173:in `start_thread'
  /usr/lib/ruby/1.8/webrick/server.rb:162:in `start'
  /usr/lib/ruby/1.8/webrick/server.rb:162:in `start_thread'
  /usr/lib/ruby/1.8/webrick/server.rb:95:in `start'
  /usr/lib/ruby/1.8/webrick/server.rb:92:in `each'
  /usr/lib/ruby/1.8/webrick/server.rb:92:in `start'
  /usr/lib/ruby/1.8/webrick/server.rb:23:in `start'
  /usr/lib/ruby/1.8/webrick/server.rb:82:in `start'

Rendering rescues/layout (not_found)


Processing ItemsController#show (for 127.0.0.1 at 2010-06-10 09:26:38) [GET]
  Parameters: {"id"=>"1"}
  [4;36;1mItem Load (0.0ms)[0m   [0;1mSELECT * FROM "items" WHERE ("items"."id" = 1) [0m
Completed in 20ms (View: 4, DB: 0) | 200 OK [http://localhost/items/1]


Processing ItemsController#create (for 127.0.0.1 at 2010-06-10 09:26:38) [POST]
  Parameters: {"price"=>20, "item"=>{"name"=>"Calpis", "price"=>10, "created_at"=>"2010-04-20T14:19:25Z", "updated_at"=>"2010-04-20T14:19:25Z", "id"=>1}}
WARNING: Can't mass-assign these protected attributes: id
  [4;35;1mItem Create (0.0ms)[0m   [0mINSERT INTO "items" ("name", "price", "created_at", "updated_at") VALUES('Calpis', 10.0, '2010-04-20 14:19:25', '2010-04-20 14:19:25')[0m
Completed in 32ms (View: 4, DB: 0) | 201 Created [http://localhost/items]


Processing ItemsController#index (for 127.0.0.1 at 2010-06-10 09:26:52) [GET]
  [4;36;1mItem Load (4.0ms)[0m   [0;1mSELECT * FROM "items" [0m
Rendering items/index
Completed in 36ms (View: 20, DB: 4) | 200 OK [http://localhost/items]


Processing ApplicationController#index (for 127.0.0.1 at 2010-06-10 09:26:52) [GET]

ActionController::RoutingError (No route matches "/notfound" with {:method=>:get}):
  restfulie (0.8.1) lib/restfulie/server/action_controller/params_parser.rb:59:in `call'
  /usr/lib/ruby/1.8/webrick/httpserver.rb:104:in `service'
  /usr/lib/ruby/1.8/webrick/httpserver.rb:65:in `run'
  /usr/lib/ruby/1.8/webrick/server.rb:173:in `start_thread'
  /usr/lib/ruby/1.8/webrick/server.rb:162:in `start'
  /usr/lib/ruby/1.8/webrick/server.rb:162:in `start_thread'
  /usr/lib/ruby/1.8/webrick/server.rb:95:in `start'
  /usr/lib/ruby/1.8/webrick/server.rb:92:in `each'
  /usr/lib/ruby/1.8/webrick/server.rb:92:in `start'
  /usr/lib/ruby/1.8/webrick/server.rb:23:in `start'
  /usr/lib/ruby/1.8/webrick/server.rb:82:in `start'

Rendering rescues/layout (not_found)


Processing ItemsController#show (for 127.0.0.1 at 2010-06-10 09:26:52) [GET]
  Parameters: {"id"=>"1"}
  [4;35;1mItem Load (0.0ms)[0m   [0mSELECT * FROM "items" WHERE ("items"."id" = 1) [0m
Completed in 16ms (View: 4, DB: 0) | 200 OK [http://localhost/items/1]


Processing ItemsController#create (for 127.0.0.1 at 2010-06-10 09:26:52) [POST]
  Parameters: {"price"=>20, "item"=>{"name"=>"Calpis", "price"=>10, "created_at"=>"2010-04-20T14:19:25Z", "updated_at"=>"2010-04-20T14:19:25Z", "id"=>1}}
WARNING: Can't mass-assign these protected attributes: id
  [4;36;1mItem Create (0.0ms)[0m   [0;1mINSERT INTO "items" ("name", "price", "created_at", "updated_at") VALUES('Calpis', 10.0, '2010-04-20 14:19:25', '2010-04-20 14:19:25')[0m
Completed in 100ms (View: 0, DB: 0) | 201 Created [http://localhost/items]


Processing ItemsController#show (for 127.0.0.1 at 2010-06-10 09:26:52) [GET]
  Parameters: {"id"=>"12"}
  [4;35;1mItem Load (0.0ms)[0m   [0mSELECT * FROM "items" WHERE ("items"."id" = 12) [0m
Completed in 16ms (View: 4, DB: 0) | 200 OK [http://localhost/items/12]


Processing ItemsController#index (for 127.0.0.1 at 2010-06-10 09:27:50) [GET]
  [4;36;1mItem Load (0.0ms)[0m   [0;1mSELECT * FROM "items" [0m
Rendering items/index
Completed in 36ms (View: 20, DB: 0) | 200 OK [http://localhost/items]


Processing ApplicationController#index (for 127.0.0.1 at 2010-06-10 09:27:50) [GET]

ActionController::RoutingError (No route matches "/notfound" with {:method=>:get}):
  restfulie (0.8.1) lib/restfulie/server/action_controller/params_parser.rb:59:in `call'
  /usr/lib/ruby/1.8/webrick/httpserver.rb:104:in `service'
  /usr/lib/ruby/1.8/webrick/httpserver.rb:65:in `run'
  /usr/lib/ruby/1.8/webrick/server.rb:173:in `start_thread'
  /usr/lib/ruby/1.8/webrick/server.rb:162:in `start'
  /usr/lib/ruby/1.8/webrick/server.rb:162:in `start_thread'
  /usr/lib/ruby/1.8/webrick/server.rb:95:in `start'
  /usr/lib/ruby/1.8/webrick/server.rb:92:in `each'
  /usr/lib/ruby/1.8/webrick/server.rb:92:in `start'
  /usr/lib/ruby/1.8/webrick/server.rb:23:in `start'
  /usr/lib/ruby/1.8/webrick/server.rb:82:in `start'

Rendering rescues/layout (not_found)


Processing ItemsController#show (for 127.0.0.1 at 2010-06-10 09:27:50) [GET]
  Parameters: {"id"=>"1"}
  [4;35;1mItem Load (0.0ms)[0m   [0mSELECT * FROM "items" WHERE ("items"."id" = 1) [0m
Completed in 20ms (View: 4, DB: 0) | 200 OK [http://localhost/items/1]


Processing ItemsController#create (for 127.0.0.1 at 2010-06-10 09:27:50) [POST]
  Parameters: {"price"=>20, "item"=>{"name"=>"Calpis", "price"=>10, "created_at"=>"2010-04-20T14:19:25Z", "updated_at"=>"2010-04-20T14:19:25Z", "id"=>1}}
WARNING: Can't mass-assign these protected attributes: id
  [4;36;1mItem Create (0.0ms)[0m   [0;1mINSERT INTO "items" ("name", "price", "created_at", "updated_at") VALUES('Calpis', 10.0, '2010-04-20 14:19:25', '2010-04-20 14:19:25')[0m
Completed in 36ms (View: 0, DB: 0) | 201 Created [http://localhost/items]


Processing ItemsController#show (for 127.0.0.1 at 2010-06-10 09:27:50) [GET]
  Parameters: {"id"=>"13"}
  [4;35;1mItem Load (0.0ms)[0m   [0mSELECT * FROM "items" WHERE ("items"."id" = 13) [0m
Completed in 20ms (View: 4, DB: 0) | 200 OK [http://localhost/items/13]


Processing ItemsController#show (for 127.0.0.1 at 2010-06-10 09:28:41) [GET]
  Parameters: {"id"=>"7"}
  [4;36;1mItem Load (0.0ms)[0m   [0;1mSELECT * FROM "items" WHERE ("items"."id" = 7) [0m
Completed in 16ms (View: 0, DB: 0) | 200 OK [http://localhost/items/7]


Processing ItemsController#show (for 127.0.0.1 at 2010-06-10 09:29:01) [GET]
  Parameters: {"id"=>"7"}
  [4;35;1mItem Load (0.0ms)[0m   [0mSELECT * FROM "items" WHERE ("items"."id" = 7) [0m
Completed in 16ms (View: 4, DB: 0) | 200 OK [http://localhost/items/7]


Processing ItemsController#index (for 127.0.0.1 at 2010-06-10 09:29:06) [GET]
  [4;36;1mItem Load (0.0ms)[0m   [0;1mSELECT * FROM "items" [0m
Rendering items/index
Completed in 80ms (View: 64, DB: 0) | 200 OK [http://localhost/items]


Processing ApplicationController#index (for 127.0.0.1 at 2010-06-10 09:29:06) [GET]

ActionController::RoutingError (No route matches "/notfound" with {:method=>:get}):
  restfulie (0.8.1) lib/restfulie/server/action_controller/params_parser.rb:59:in `call'
  /usr/lib/ruby/1.8/webrick/httpserver.rb:104:in `service'
  /usr/lib/ruby/1.8/webrick/httpserver.rb:65:in `run'
  /usr/lib/ruby/1.8/webrick/server.rb:173:in `start_thread'
  /usr/lib/ruby/1.8/webrick/server.rb:162:in `start'
  /usr/lib/ruby/1.8/webrick/server.rb:162:in `start_thread'
  /usr/lib/ruby/1.8/webrick/server.rb:95:in `start'
  /usr/lib/ruby/1.8/webrick/server.rb:92:in `each'
  /usr/lib/ruby/1.8/webrick/server.rb:92:in `start'
  /usr/lib/ruby/1.8/webrick/server.rb:23:in `start'
  /usr/lib/ruby/1.8/webrick/server.rb:82:in `start'

Rendering rescues/layout (not_found)


Processing ItemsController#show (for 127.0.0.1 at 2010-06-10 09:29:06) [GET]
  Parameters: {"id"=>"1"}
  [4;35;1mItem Load (0.0ms)[0m   [0mSELECT * FROM "items" WHERE ("items"."id" = 1) [0m
Completed in 20ms (View: 4, DB: 0) | 200 OK [http://localhost/items/1]


Processing ItemsController#create (for 127.0.0.1 at 2010-06-10 09:29:06) [POST]
  Parameters: {"item"=>{"name"=>"Calpis", "price"=>20, "created_at"=>"2010-04-20T14:19:25Z", "updated_at"=>"2010-04-20T14:19:25Z", "id"=>1}}
WARNING: Can't mass-assign these protected attributes: id
  [4;36;1mItem Create (0.0ms)[0m   [0;1mINSERT INTO "items" ("name", "price", "created_at", "updated_at") VALUES('Calpis', 20.0, '2010-04-20 14:19:25', '2010-04-20 14:19:25')[0m
Completed in 52ms (View: 0, DB: 0) | 201 Created [http://localhost/items]


Processing ItemsController#show (for 127.0.0.1 at 2010-06-10 09:29:06) [GET]
  Parameters: {"id"=>"14"}
  [4;35;1mItem Load (4.0ms)[0m   [0mSELECT * FROM "items" WHERE ("items"."id" = 14) [0m
Completed in 20ms (View: 4, DB: 0) | 200 OK [http://localhost/items/14]
